0 info it worked if it ends with ok
1 verbose cli [ 'C:\\Program Files\\nodejs\\node.exe',
1 verbose cli   'C:\\Program Files\\nodejs\\node_modules\\npm\\bin\\npm-cli.js',
1 verbose cli   'run',
1 verbose cli   'dev' ]
2 info using npm@3.10.10
3 info using node@v6.11.0
4 verbose run-script [ 'predev', 'dev', 'postdev' ]
5 info lifecycle queer@1.0.0~predev: queer@1.0.0
6 silly lifecycle queer@1.0.0~predev: no script for predev, continuing
7 info lifecycle queer@1.0.0~dev: queer@1.0.0
8 verbose lifecycle queer@1.0.0~dev: unsafe-perm in lifecycle true
9 verbose lifecycle queer@1.0.0~dev: PATH: C:\Program Files\nodejs\node_modules\npm\bin\node-gyp-bin;E:\www\postneon.com\node_modules\.bin;C:\Users\Vincent\Documents\ffmpeg\bin;C:\Program Files (x86)\Common Files\Oracle\Java\javapath;C:\ProgramData\Oracle\Java\javapath;C:\Program Files (x86)\Common Files\Intel\Shared Libraries\redist\intel64\compiler;C:\Windows\system32;C:\Windows;C:\Windows\System32\Wbem;C:\Windows\System32\WindowsPowerShell\v1.0\;C:\Program Files (x86)\NVIDIA Corporation\PhysX\Common;C:\Program Files\Git\cmd;C:\Program Files\nodejs\;C:\Program Files (x86)\QuickTime\QTSystem\;C:\Program Files (x86)\Skype\Phone\;C:\WINDOWS\system32;C:\WINDOWS;C:\WINDOWS\System32\Wbem;C:\WINDOWS\System32\WindowsPowerShell\v1.0\;C:\Users\Vincent\.dnx\bin;C:\Program Files\Microsoft DNX\Dnvm\;C:\Program Files\Microsoft SQL Server\130\Tools\Binn\;C:\Program Files (x86)\Windows Kits\8.1\Windows Performance Toolkit\;C:\WINDOWS\System32\OpenSSH\;C:\Program Files\MATLAB\MATLAB Compiler Runtime\v84\runtime\win64;C:\ProgramData\chocolatey\bin;C:\Users\Vincent\AppData\Roaming\npm;C:\Users\Vincent\AppData\Local\Microsoft\WindowsApps;C:\Program Files\NVIDIA Corporation\NVIDIA NvDLISR;C:\Program Files\MATLAB\MATLAB Runtime\v93\runtime\win64;C:\ProgramData\ComposerSetup\bin;C:\Program Files\PuTTY\;C:\WINDOWS\system32;C:\WINDOWS;C:\WINDOWS\System32\Wbem;C:\WINDOWS\System32\WindowsPowerShell\v1.0\;C:\WINDOWS\System32\OpenSSH\;C:\wamp64\bin\php\php7.2.4;C:\Users\Vincent\scoop\shims;C:\Users\Vincent\AppData\Roaming\npm;C:\Users\Vincent\AppData\Local\Microsoft\WindowsApps;C:\Users\Vincent\AppData\Roaming\Composer\vendor\bin;
10 verbose lifecycle queer@1.0.0~dev: CWD: E:\www\postneon.com
11 silly lifecycle queer@1.0.0~dev: Args: [ '/d /s /c', 'webpack --mode development --watch ' ]
12 silly lifecycle queer@1.0.0~dev: Returned: code: 3221225786  signal: null
13 info lifecycle queer@1.0.0~dev: Failed to exec dev script
14 verbose stack Error: queer@1.0.0 dev: `webpack --mode development --watch `
14 verbose stack Exit status 3221225786
14 verbose stack     at EventEmitter.<anonymous> (C:\Program Files\nodejs\node_modules\npm\lib\utils\lifecycle.js:255:16)
14 verbose stack     at emitTwo (events.js:106:13)
14 verbose stack     at EventEmitter.emit (events.js:191:7)
14 verbose stack     at ChildProcess.<anonymous> (C:\Program Files\nodejs\node_modules\npm\lib\utils\spawn.js:40:14)
14 verbose stack     at emitTwo (events.js:106:13)
14 verbose stack     at ChildProcess.emit (events.js:191:7)
14 verbose stack     at maybeClose (internal/child_process.js:891:16)
14 verbose stack     at Process.ChildProcess._handle.onexit (internal/child_process.js:226:5)
15 verbose pkgid queer@1.0.0
16 verbose cwd E:\www\postneon.com
17 error Windows_NT 10.0.18362
18 error argv "C:\\Program Files\\nodejs\\node.exe" "C:\\Program Files\\nodejs\\node_modules\\npm\\bin\\npm-cli.js" "run" "dev"
19 error node v6.11.0
20 error npm  v3.10.10
21 error code ELIFECYCLE
22 error queer@1.0.0 dev: `webpack --mode development --watch `
22 error Exit status 3221225786
23 error Failed at the queer@1.0.0 dev script 'webpack --mode development --watch '.
23 error Make sure you have the latest version of node.js and npm installed.
23 error If you do, this is most likely a problem with the queer package,
23 error not with npm itself.
23 error Tell the author that this fails on your system:
23 error     webpack --mode development --watch
23 error You can get information on how to open an issue for this project with:
23 error     npm bugs queer
23 error Or if that isn't available, you can get their info via:
23 error     npm owner ls queer
23 error There is likely additional logging output above.
24 verbose exit [ 1, true ]
